  Moc'ing addlabel.h...
  Moc'ing display.h...
  Moc'ing labelmodify.h...
  Moc'ing maindisplay.h...
  Moc'ing mainwindow.h...
  Moc'ing playerlist.h...
  Moc'ing thread.h...
  Rcc'ing res\resources.qrc...
  Uic'ing addlabel.ui...
  Uic'ing labDlg.ui...
  Uic'ing mainwindow.ui...
  qrc_resources.cpp
  addlabel.cpp
  labelmodify.cpp
  main.cpp
  mainwindow.cpp
e:\playui\mainwindow.h : warning C4819: 该文件包含不能在当前代码页(936)中表示的字符。请将该文件保存为 Unicode 格式以防止数据丢失 (编译源文件 mainwindow.cpp)
e:\playui\mainwindow.h : warning C4819: 该文件包含不能在当前代码页(936)中表示的字符。请将该文件保存为 Unicode 格式以防止数据丢失 (编译源文件 main.cpp)
e:\playui\maindisplay.h : warning C4819: 该文件包含不能在当前代码页(936)中表示的字符。请将该文件保存为 Unicode 格式以防止数据丢失 (编译源文件 mainwindow.cpp)
  moc_addlabel.cpp
  moc_display.cpp
  moc_labelmodify.cpp
  moc_maindisplay.cpp
e:\playui\generatedfiles\release\../../maindisplay.h : warning C4819: 该文件包含不能在当前代码页(936)中表示的字符。请将该文件保存为 Unicode 格式以防止数据丢失 (编译源文件 .\GeneratedFiles\Release\moc_maindisplay.cpp)
  moc_mainwindow.cpp
e:\playui\generatedfiles\release\../../mainwindow.h : warning C4819: 该文件包含不能在当前代码页(936)中表示的字符。请将该文件保存为 Unicode 格式以防止数据丢失 (编译源文件 .\GeneratedFiles\Release\moc_mainwindow.cpp)
  moc_playerlist.cpp
  moc_thread.cpp
  Monitoring.vcxproj -> E:\PlayUI\.\bin\Monitoring.exe
